0 info it worked if it ends with ok
1 verbose cli [ '/usr/bin/node',
1 verbose cli   '/usr/lib/nodejs/npm/bin/npm-cli.js',
1 verbose cli   'run',
1 verbose cli   'start-dev',
1 verbose cli   '--scripts-prepend-node-path=auto' ]
2 info using npm@3.5.2
3 info using node@v8.10.0
4 verbose run-script [ 'prestart-dev', 'start-dev', 'poststart-dev' ]
5 info lifecycle landing-page-backend@0.0.0~prestart-dev: landing-page-backend@0.0.0
6 silly lifecycle landing-page-backend@0.0.0~prestart-dev: no script for prestart-dev, continuing
7 info lifecycle landing-page-backend@0.0.0~start-dev: landing-page-backend@0.0.0
8 verbose lifecycle landing-page-backend@0.0.0~start-dev: unsafe-perm in lifecycle true
9 verbose lifecycle landing-page-backend@0.0.0~start-dev: PATH: /usr/share/npm/bin/node-gyp-bin:/home/harry/WebstormProjects/flashes-backend/node_modules/.bin:/home/harry/.local/bin:/usr/local/sbin:/usr/local/bin:/usr/sbin:/usr/bin:/sbin:/bin:/usr/games:/usr/local/games:/snap/bin
10 verbose lifecycle landing-page-backend@0.0.0~start-dev: CWD: /home/harry/WebstormProjects/flashes-backend
11 silly lifecycle landing-page-backend@0.0.0~start-dev: Args: [ '-c', 'cross-env NODE_ENV=development nodemon index.js' ]
12 silly lifecycle landing-page-backend@0.0.0~start-dev: Returned: code: 1  signal: null
13 info lifecycle landing-page-backend@0.0.0~start-dev: Failed to exec start-dev script
14 verbose stack Error: landing-page-backend@0.0.0 start-dev: `cross-env NODE_ENV=development nodemon index.js`
14 verbose stack Exit status 1
14 verbose stack     at EventEmitter.<anonymous> (/usr/share/npm/lib/utils/lifecycle.js:232:16)
14 verbose stack     at emitTwo (events.js:126:13)
14 verbose stack     at EventEmitter.emit (events.js:214:7)
14 verbose stack     at ChildProcess.<anonymous> (/usr/share/npm/lib/utils/spawn.js:24:14)
14 verbose stack     at emitTwo (events.js:126:13)
14 verbose stack     at ChildProcess.emit (events.js:214:7)
14 verbose stack     at maybeClose (internal/child_process.js:925:16)
14 verbose stack     at Process.ChildProcess._handle.onexit (internal/child_process.js:209:5)
15 verbose pkgid landing-page-backend@0.0.0
16 verbose cwd /home/harry/WebstormProjects/flashes-backend
17 error Linux 4.15.0-38-generic
18 error argv "/usr/bin/node" "/usr/lib/nodejs/npm/bin/npm-cli.js" "run" "start-dev" "--scripts-prepend-node-path=auto"
19 error node v8.10.0
20 error npm  v3.5.2
21 error code ELIFECYCLE
22 error landing-page-backend@0.0.0 start-dev: `cross-env NODE_ENV=development nodemon index.js`
22 error Exit status 1
23 error Failed at the landing-page-backend@0.0.0 start-dev script 'cross-env NODE_ENV=development nodemon index.js'.
23 error Make sure you have the latest version of node.js and npm installed.
23 error If you do, this is most likely a problem with the landing-page-backend package,
23 error not with npm itself.
23 error Tell the author that this fails on your system:
23 error     cross-env NODE_ENV=development nodemon index.js
23 error You can get information on how to open an issue for this project with:
23 error     npm bugs landing-page-backend
23 error Or if that isn't available, you can get their info via:
23 error     npm owner ls landing-page-backend
23 error There is likely additional logging output above.
24 verbose exit [ 1, true ]
